<?xml version="1.0" encoding="UTF-8"?>
<testsuite name="Testes do repositório de Produtos" tests="7" skipped="0" failures="0" errors="0" timestamp="2023-04-21T22:34:20" hostname="fedora" time="0.521">
  <properties/>
  <testcase name="Quando atualizar um produto inexistente" classname="com.ufcg.psoft.mercadofacil.repository.ProdutoRepositoryTests" time="0.083"/>
  <testcase name="Quando deletar um produto existente" classname="com.ufcg.psoft.mercadofacil.repository.ProdutoRepositoryTests" time="0.085"/>
  <testcase name="testTrue()" classname="com.ufcg.psoft.mercadofacil.repository.ProdutoRepositoryTests" time="0.052"/>
  <testcase name="Quando atualizar um produto com dados válidos" classname="com.ufcg.psoft.mercadofacil.repository.ProdutoRepositoryTests" time="0.095"/>
  <testcase name="Quando tentar deletar um produto inexistente" classname="com.ufcg.psoft.mercadofacil.repository.ProdutoRepositoryTests" time="0.055"/>
  <testcase name="Quando criar um novo produto com dados válidos" classname="com.ufcg.psoft.mercadofacil.repository.ProdutoRepositoryTests" time="0.045"/>
  <testcase name="Quando procuro um produto com dados válidos" classname="com.ufcg.psoft.mercadofacil.repository.ProdutoRepositoryTests" time="0.071"/>
  <system-out><![CDATA[2023-04-21T19:34:20.034-03:00  INFO 45710 --- [    Test worker] t.c.s.AnnotationConfigContextLoaderUtils : Could not detect default configuration classes for test class [com.ufcg.psoft.mercadofacil.repository.ProdutoRepositoryTests]: ProdutoRepositoryTests does not declare any static, non-private, non-final, nested classes annotated with @Configuration.
2023-04-21T19:34:20.050-03:00  INFO 45710 --- [    Test worker] .b.t.c.SpringBootTestContextBootstrapper : Found @SpringBootConfiguration com.ufcg.psoft.mercadofacil.MercadoFacilApplication for test class com.ufcg.psoft.mercadofacil.repository.ProdutoRepositoryTests
Hibernate: insert into produtos (codigo_de_barras, fabricante, nome, preco, id) values (?, ?, ?, ?, ?)
Hibernate: insert into produtos (codigo_de_barras, fabricante, nome, preco, id) values (?, ?, ?, ?, ?)
Hibernate: select p1_0.id,p1_0.codigo_de_barras,p1_0.fabricante,p1_0.nome,p1_0.preco from produtos p1_0
Hibernate: select l1_0.produto_id,l1_0.id,l1_0.numero_de_itens from lotes l1_0 where l1_0.produto_id=?
Hibernate: select l1_0.produto_id,l1_0.id,l1_0.numero_de_itens from lotes l1_0 where l1_0.produto_id=?
Hibernate: delete from produtos where id=?
Hibernate: delete from produtos where id=?
Hibernate: select c1_0.cliente_id from carrinhos c1_0
Hibernate: select l1_0.id,l1_0.numero_de_itens,l1_0.produto_id from lotes l1_0
Hibernate: select c1_0.id,c1_0.cpf,c1_0.endereco,c1_0.idade,c1_0.nome from clientes c1_0
Hibernate: insert into produtos (codigo_de_barras, fabricante, nome, preco, id) values (?, ?, ?, ?, ?)
Hibernate: select p1_0.id,p1_0.codigo_de_barras,p1_0.fabricante,l1_0.produto_id,l1_0.id,c1_0.lote_id,c1_1.cliente_id,c2_0.id,c2_0.cpf,c2_0.endereco,c2_0.idade,c2_0.nome,l1_0.numero_de_itens,p1_0.nome,p1_0.preco from produtos p1_0 left join lotes l1_0 on p1_0.id=l1_0.produto_id left join (lotes_carrinho c1_0 join carrinhos c1_1 on c1_1.cliente_id=c1_0.carrinho_cliente_id) on l1_0.id=c1_0.lote_id left join clientes c2_0 on c2_0.id=c1_1.cliente_id where p1_0.id=?
Hibernate: select p1_0.id,p1_0.codigo_de_barras,p1_0.fabricante,p1_0.nome,p1_0.preco from produtos p1_0 where p1_0.id=?
Hibernate: select l1_0.produto_id,l1_0.id,l1_0.numero_de_itens from lotes l1_0 where l1_0.produto_id=?
Hibernate: delete from produtos where id=?
Hibernate: select p1_0.id,p1_0.codigo_de_barras,p1_0.fabricante,p1_0.nome,p1_0.preco from produtos p1_0 where p1_0.id=?
Hibernate: select p1_0.id,p1_0.codigo_de_barras,p1_0.fabricante,p1_0.nome,p1_0.preco from produtos p1_0
Hibernate: select c1_0.cliente_id from carrinhos c1_0
Hibernate: select l1_0.id,l1_0.numero_de_itens,l1_0.produto_id from lotes l1_0
Hibernate: select c1_0.id,c1_0.cpf,c1_0.endereco,c1_0.idade,c1_0.nome from clientes c1_0
Hibernate: insert into produtos (codigo_de_barras, fabricante, nome, preco, id) values (?, ?, ?, ?, ?)
Hibernate: select p1_0.id,p1_0.codigo_de_barras,p1_0.fabricante,p1_0.nome,p1_0.preco from produtos p1_0
Hibernate: select l1_0.produto_id,l1_0.id,l1_0.numero_de_itens from lotes l1_0 where l1_0.produto_id=?
Hibernate: delete from produtos where id=?
Hibernate: select c1_0.cliente_id from carrinhos c1_0
Hibernate: select l1_0.id,l1_0.numero_de_itens,l1_0.produto_id from lotes l1_0
Hibernate: select c1_0.id,c1_0.cpf,c1_0.endereco,c1_0.idade,c1_0.nome from clientes c1_0
Hibernate: insert into produtos (codigo_de_barras, fabricante, nome, preco, id) values (?, ?, ?, ?, ?)
Hibernate: select p1_0.id,p1_0.codigo_de_barras,p1_0.fabricante,l1_0.produto_id,l1_0.id,c1_0.lote_id,c1_1.cliente_id,c2_0.id,c2_0.cpf,c2_0.endereco,c2_0.idade,c2_0.nome,l1_0.numero_de_itens,p1_0.nome,p1_0.preco from produtos p1_0 left join lotes l1_0 on p1_0.id=l1_0.produto_id left join (lotes_carrinho c1_0 join carrinhos c1_1 on c1_1.cliente_id=c1_0.carrinho_cliente_id) on l1_0.id=c1_0.lote_id left join clientes c2_0 on c2_0.id=c1_1.cliente_id where p1_0.id=?
Hibernate: select p1_0.id,p1_0.codigo_de_barras,p1_0.fabricante,p1_0.nome,p1_0.preco from produtos p1_0 where p1_0.id=?
Hibernate: select p1_0.id,p1_0.codigo_de_barras,p1_0.fabricante,l1_0.produto_id,l1_0.id,c1_0.lote_id,c1_1.cliente_id,c2_0.id,c2_0.cpf,c2_0.endereco,c2_0.idade,c2_0.nome,l1_0.numero_de_itens,p1_0.nome,p1_0.preco from produtos p1_0 left join lotes l1_0 on p1_0.id=l1_0.produto_id left join (lotes_carrinho c1_0 join carrinhos c1_1 on c1_1.cliente_id=c1_0.carrinho_cliente_id) on l1_0.id=c1_0.lote_id left join clientes c2_0 on c2_0.id=c1_1.cliente_id where p1_0.id=?
Hibernate: update produtos set codigo_de_barras=?, fabricante=?, nome=?, preco=? where id=?
Hibernate: select p1_0.id,p1_0.codigo_de_barras,p1_0.fabricante,p1_0.nome,p1_0.preco from produtos p1_0
Hibernate: select l1_0.produto_id,l1_0.id,l1_0.numero_de_itens from lotes l1_0 where l1_0.produto_id=?
Hibernate: delete from produtos where id=?
Hibernate: select c1_0.cliente_id from carrinhos c1_0
Hibernate: select l1_0.id,l1_0.numero_de_itens,l1_0.produto_id from lotes l1_0
Hibernate: select c1_0.id,c1_0.cpf,c1_0.endereco,c1_0.idade,c1_0.nome from clientes c1_0
Hibernate: insert into produtos (codigo_de_barras, fabricante, nome, preco, id) values (?, ?, ?, ?, ?)
Hibernate: select p1_0.id,p1_0.codigo_de_barras,p1_0.fabricante,p1_0.nome,p1_0.preco from produtos p1_0 where p1_0.id=?
Hibernate: select p1_0.id,p1_0.codigo_de_barras,p1_0.fabricante,p1_0.nome,p1_0.preco from produtos p1_0 where p1_0.id=?
Hibernate: select p1_0.id,p1_0.codigo_de_barras,p1_0.fabricante,p1_0.nome,p1_0.preco from produtos p1_0
Hibernate: select l1_0.produto_id,l1_0.id,l1_0.numero_de_itens from lotes l1_0 where l1_0.produto_id=?
Hibernate: delete from produtos where id=?
Hibernate: select c1_0.cliente_id from carrinhos c1_0
Hibernate: select l1_0.id,l1_0.numero_de_itens,l1_0.produto_id from lotes l1_0
Hibernate: select c1_0.id,c1_0.cpf,c1_0.endereco,c1_0.idade,c1_0.nome from clientes c1_0
Hibernate: insert into produtos (codigo_de_barras, fabricante, nome, preco, id) values (?, ?, ?, ?, ?)
Hibernate: select p1_0.id,p1_0.codigo_de_barras,p1_0.fabricante,l1_0.produto_id,l1_0.id,c1_0.lote_id,c1_1.cliente_id,c2_0.id,c2_0.cpf,c2_0.endereco,c2_0.idade,c2_0.nome,l1_0.numero_de_itens,p1_0.nome,p1_0.preco from produtos p1_0 left join lotes l1_0 on p1_0.id=l1_0.produto_id left join (lotes_carrinho c1_0 join carrinhos c1_1 on c1_1.cliente_id=c1_0.carrinho_cliente_id) on l1_0.id=c1_0.lote_id left join clientes c2_0 on c2_0.id=c1_1.cliente_id where p1_0.id=?
Hibernate: select p1_0.id,p1_0.codigo_de_barras,p1_0.fabricante,p1_0.nome,p1_0.preco from produtos p1_0
Hibernate: select l1_0.produto_id,l1_0.id,l1_0.numero_de_itens from lotes l1_0 where l1_0.produto_id=?
Hibernate: delete from produtos where id=?
Hibernate: select c1_0.cliente_id from carrinhos c1_0
Hibernate: select l1_0.id,l1_0.numero_de_itens,l1_0.produto_id from lotes l1_0
Hibernate: select c1_0.id,c1_0.cpf,c1_0.endereco,c1_0.idade,c1_0.nome from clientes c1_0
Hibernate: insert into produtos (codigo_de_barras, fabricante, nome, preco, id) values (?, ?, ?, ?, ?)
Hibernate: select p1_0.id,p1_0.codigo_de_barras,p1_0.fabricante,l1_0.produto_id,l1_0.id,c1_0.lote_id,c1_1.cliente_id,c2_0.id,c2_0.cpf,c2_0.endereco,c2_0.idade,c2_0.nome,l1_0.numero_de_itens,p1_0.nome,p1_0.preco from produtos p1_0 left join lotes l1_0 on p1_0.id=l1_0.produto_id left join (lotes_carrinho c1_0 join carrinhos c1_1 on c1_1.cliente_id=c1_0.carrinho_cliente_id) on l1_0.id=c1_0.lote_id left join clientes c2_0 on c2_0.id=c1_1.cliente_id where p1_0.id=?
Hibernate: select p1_0.id,p1_0.codigo_de_barras,p1_0.fabricante,p1_0.nome,p1_0.preco from produtos p1_0 where p1_0.id=?
Hibernate: select p1_0.id,p1_0.codigo_de_barras,p1_0.fabricante,p1_0.nome,p1_0.preco from produtos p1_0
Hibernate: select l1_0.produto_id,l1_0.id,l1_0.numero_de_itens from lotes l1_0 where l1_0.produto_id=?
Hibernate: delete from produtos where id=?
Hibernate: select c1_0.cliente_id from carrinhos c1_0
Hibernate: select l1_0.id,l1_0.numero_de_itens,l1_0.produto_id from lotes l1_0
Hibernate: select c1_0.id,c1_0.cpf,c1_0.endereco,c1_0.idade,c1_0.nome from clientes c1_0
]]></system-out>
  <system-err><![CDATA[]]></system-err>
</testsuite>
