<?xml version="1.0" encoding="UTF-8"?>
<testsuite name="Testes do repositório de Clientes" tests="7" skipped="0" failures="0" errors="0" timestamp="2023-04-21T22:34:18" hostname="fedora" time="1.048">
  <properties/>
  <testcase name="Quando procuro um cliente com dados válidos" classname="com.ufcg.psoft.mercadofacil.repository.ClienteRepositoryTests" time="0.189"/>
  <testcase name="Quando adiciona um novo cliente" classname="com.ufcg.psoft.mercadofacil.repository.ClienteRepositoryTests" time="0.177"/>
  <testcase name="testTrue()" classname="com.ufcg.psoft.mercadofacil.repository.ClienteRepositoryTests" time="0.124"/>
  <testcase name="Quando deletar um cliente existente" classname="com.ufcg.psoft.mercadofacil.repository.ClienteRepositoryTests" time="0.136"/>
  <testcase name="Quando tentar deletar um produto inexistente" classname="com.ufcg.psoft.mercadofacil.repository.ClienteRepositoryTests" time="0.157"/>
  <testcase name="Quando criar um novo produto com dados válidos" classname="com.ufcg.psoft.mercadofacil.repository.ClienteRepositoryTests" time="0.089"/>
  <testcase name="Quando atualizar um cliente com dados válidos" classname="com.ufcg.psoft.mercadofacil.repository.ClienteRepositoryTests" time="0.134"/>
  <system-out><![CDATA[2023-04-21T19:34:18.489-03:00  INFO 45710 --- [    Test worker] t.c.s.AnnotationConfigContextLoaderUtils : Could not detect default configuration classes for test class [com.ufcg.psoft.mercadofacil.repository.ClienteRepositoryTests]: ClienteRepositoryTests does not declare any static, non-private, non-final, nested classes annotated with @Configuration.
2023-04-21T19:34:18.495-03:00  INFO 45710 --- [    Test worker] .b.t.c.SpringBootTestContextBootstrapper : Found @SpringBootConfiguration com.ufcg.psoft.mercadofacil.MercadoFacilApplication for test class com.ufcg.psoft.mercadofacil.repository.ClienteRepositoryTests
Hibernate: insert into clientes (cpf, endereco, idade, nome, id) values (?, ?, ?, ?, ?)
Hibernate: insert into carrinhos (cliente_id) values (?)
Hibernate: select c1_0.id,c2_0.cliente_id,l1_0.carrinho_cliente_id,l1_1.id,l1_1.numero_de_itens,p1_0.id,p1_0.codigo_de_barras,p1_0.fabricante,p1_0.nome,p1_0.preco,c1_0.cpf,c1_0.endereco,c1_0.idade,c1_0.nome from clientes c1_0 join carrinhos c2_0 on c1_0.id=c2_0.cliente_id left join (lotes_carrinho l1_0 join lotes l1_1 on l1_1.id=l1_0.lote_id) on c2_0.cliente_id=l1_0.carrinho_cliente_id left join produtos p1_0 on p1_0.id=l1_1.produto_id where c1_0.id=?
Hibernate: select c1_0.id,c1_0.cpf,c1_0.endereco,c1_0.idade,c1_0.nome from clientes c1_0
Hibernate: select c1_0.cliente_id,c2_0.id,c2_0.cpf,c2_0.endereco,c2_0.idade,c2_0.nome from carrinhos c1_0 join clientes c2_0 on c2_0.id=c1_0.cliente_id where c1_0.cliente_id=?
Hibernate: select c1_0.id,c2_0.cliente_id,c1_0.cpf,c1_0.endereco,c1_0.idade,c1_0.nome from clientes c1_0 join carrinhos c2_0 on c1_0.id=c2_0.cliente_id where c1_0.id=?
Hibernate: select c1_0.id,c1_0.cpf,c1_0.endereco,c1_0.idade,c1_0.nome from clientes c1_0
Hibernate: select c1_0.cliente_id,c2_0.id,c2_0.cpf,c2_0.endereco,c2_0.idade,c2_0.nome from carrinhos c1_0 join clientes c2_0 on c2_0.id=c1_0.cliente_id where c1_0.cliente_id=?
Hibernate: select l1_0.carrinho_cliente_id,l1_1.id,l1_1.numero_de_itens,p1_0.id,p1_0.codigo_de_barras,p1_0.fabricante,p1_0.nome,p1_0.preco from lotes_carrinho l1_0 join lotes l1_1 on l1_1.id=l1_0.lote_id left join produtos p1_0 on p1_0.id=l1_1.produto_id where l1_0.carrinho_cliente_id=?
Hibernate: delete from carrinhos where cliente_id=?
Hibernate: delete from clientes where id=?
Hibernate: select c1_0.cliente_id from carrinhos c1_0
Hibernate: insert into clientes (cpf, endereco, idade, nome, id) values (?, ?, ?, ?, ?)
Hibernate: insert into carrinhos (cliente_id) values (?)
Hibernate: select c1_0.id,c2_0.cliente_id,l1_0.carrinho_cliente_id,l1_1.id,l1_1.numero_de_itens,p1_0.id,p1_0.codigo_de_barras,p1_0.fabricante,p1_0.nome,p1_0.preco,c1_0.cpf,c1_0.endereco,c1_0.idade,c1_0.nome from clientes c1_0 join carrinhos c2_0 on c1_0.id=c2_0.cliente_id left join (lotes_carrinho l1_0 join lotes l1_1 on l1_1.id=l1_0.lote_id) on c2_0.cliente_id=l1_0.carrinho_cliente_id left join produtos p1_0 on p1_0.id=l1_1.produto_id where c1_0.id=?
Hibernate: insert into clientes (cpf, endereco, idade, nome, id) values (?, ?, ?, ?, ?)
Hibernate: insert into carrinhos (cliente_id) values (?)
Hibernate: select c1_0.id,c2_0.cliente_id,l1_0.carrinho_cliente_id,l1_1.id,l1_1.numero_de_itens,p1_0.id,p1_0.codigo_de_barras,p1_0.fabricante,p1_0.nome,p1_0.preco,c1_0.cpf,c1_0.endereco,c1_0.idade,c1_0.nome from clientes c1_0 join carrinhos c2_0 on c1_0.id=c2_0.cliente_id left join (lotes_carrinho l1_0 join lotes l1_1 on l1_1.id=l1_0.lote_id) on c2_0.cliente_id=l1_0.carrinho_cliente_id left join produtos p1_0 on p1_0.id=l1_1.produto_id where c1_0.id=?
Hibernate: select c1_0.id,c2_0.cliente_id,c1_0.cpf,c1_0.endereco,c1_0.idade,c1_0.nome from clientes c1_0 join carrinhos c2_0 on c1_0.id=c2_0.cliente_id where c1_0.id=?
Hibernate: select c1_0.id,c1_0.cpf,c1_0.endereco,c1_0.idade,c1_0.nome from clientes c1_0
Hibernate: select c1_0.cliente_id,c2_0.id,c2_0.cpf,c2_0.endereco,c2_0.idade,c2_0.nome from carrinhos c1_0 join clientes c2_0 on c2_0.id=c1_0.cliente_id where c1_0.cliente_id=?
Hibernate: select c1_0.cliente_id,c2_0.id,c2_0.cpf,c2_0.endereco,c2_0.idade,c2_0.nome from carrinhos c1_0 join clientes c2_0 on c2_0.id=c1_0.cliente_id where c1_0.cliente_id=?
Hibernate: select c1_0.id,c1_0.cpf,c1_0.endereco,c1_0.idade,c1_0.nome from clientes c1_0
Hibernate: select c1_0.cliente_id,c2_0.id,c2_0.cpf,c2_0.endereco,c2_0.idade,c2_0.nome from carrinhos c1_0 join clientes c2_0 on c2_0.id=c1_0.cliente_id where c1_0.cliente_id=?
Hibernate: select c1_0.cliente_id,c2_0.id,c2_0.cpf,c2_0.endereco,c2_0.idade,c2_0.nome from carrinhos c1_0 join clientes c2_0 on c2_0.id=c1_0.cliente_id where c1_0.cliente_id=?
Hibernate: select l1_0.carrinho_cliente_id,l1_1.id,l1_1.numero_de_itens,p1_0.id,p1_0.codigo_de_barras,p1_0.fabricante,p1_0.nome,p1_0.preco from lotes_carrinho l1_0 join lotes l1_1 on l1_1.id=l1_0.lote_id left join produtos p1_0 on p1_0.id=l1_1.produto_id where l1_0.carrinho_cliente_id=?
Hibernate: select l1_0.carrinho_cliente_id,l1_1.id,l1_1.numero_de_itens,p1_0.id,p1_0.codigo_de_barras,p1_0.fabricante,p1_0.nome,p1_0.preco from lotes_carrinho l1_0 join lotes l1_1 on l1_1.id=l1_0.lote_id left join produtos p1_0 on p1_0.id=l1_1.produto_id where l1_0.carrinho_cliente_id=?
Hibernate: delete from carrinhos where cliente_id=?
Hibernate: delete from clientes where id=?
Hibernate: delete from carrinhos where cliente_id=?
Hibernate: delete from clientes where id=?
Hibernate: select c1_0.cliente_id from carrinhos c1_0
Hibernate: insert into clientes (cpf, endereco, idade, nome, id) values (?, ?, ?, ?, ?)
Hibernate: insert into carrinhos (cliente_id) values (?)
Hibernate: select c1_0.id,c2_0.cliente_id,l1_0.carrinho_cliente_id,l1_1.id,l1_1.numero_de_itens,p1_0.id,p1_0.codigo_de_barras,p1_0.fabricante,p1_0.nome,p1_0.preco,c1_0.cpf,c1_0.endereco,c1_0.idade,c1_0.nome from clientes c1_0 join carrinhos c2_0 on c1_0.id=c2_0.cliente_id left join (lotes_carrinho l1_0 join lotes l1_1 on l1_1.id=l1_0.lote_id) on c2_0.cliente_id=l1_0.carrinho_cliente_id left join produtos p1_0 on p1_0.id=l1_1.produto_id where c1_0.id=?
Hibernate: select c1_0.id,c1_0.cpf,c1_0.endereco,c1_0.idade,c1_0.nome from clientes c1_0
Hibernate: select c1_0.cliente_id,c2_0.id,c2_0.cpf,c2_0.endereco,c2_0.idade,c2_0.nome from carrinhos c1_0 join clientes c2_0 on c2_0.id=c1_0.cliente_id where c1_0.cliente_id=?
Hibernate: select l1_0.carrinho_cliente_id,l1_1.id,l1_1.numero_de_itens,p1_0.id,p1_0.codigo_de_barras,p1_0.fabricante,p1_0.nome,p1_0.preco from lotes_carrinho l1_0 join lotes l1_1 on l1_1.id=l1_0.lote_id left join produtos p1_0 on p1_0.id=l1_1.produto_id where l1_0.carrinho_cliente_id=?
Hibernate: delete from carrinhos where cliente_id=?
Hibernate: delete from clientes where id=?
Hibernate: select c1_0.cliente_id from carrinhos c1_0
Hibernate: insert into clientes (cpf, endereco, idade, nome, id) values (?, ?, ?, ?, ?)
Hibernate: insert into carrinhos (cliente_id) values (?)
Hibernate: select c1_0.id,c2_0.cliente_id,l1_0.carrinho_cliente_id,l1_1.id,l1_1.numero_de_itens,p1_0.id,p1_0.codigo_de_barras,p1_0.fabricante,p1_0.nome,p1_0.preco,c1_0.cpf,c1_0.endereco,c1_0.idade,c1_0.nome from clientes c1_0 join carrinhos c2_0 on c1_0.id=c2_0.cliente_id left join (lotes_carrinho l1_0 join lotes l1_1 on l1_1.id=l1_0.lote_id) on c2_0.cliente_id=l1_0.carrinho_cliente_id left join produtos p1_0 on p1_0.id=l1_1.produto_id where c1_0.id=?
Hibernate: select c1_0.id,c2_0.cliente_id,c1_0.cpf,c1_0.endereco,c1_0.idade,c1_0.nome from clientes c1_0 join carrinhos c2_0 on c1_0.id=c2_0.cliente_id where c1_0.id=?
Hibernate: select l1_0.carrinho_cliente_id,l1_1.id,l1_1.numero_de_itens,p1_0.id,p1_0.codigo_de_barras,p1_0.fabricante,p1_0.nome,p1_0.preco from lotes_carrinho l1_0 join lotes l1_1 on l1_1.id=l1_0.lote_id left join produtos p1_0 on p1_0.id=l1_1.produto_id where l1_0.carrinho_cliente_id=?
Hibernate: delete from carrinhos where cliente_id=?
Hibernate: delete from clientes where id=?
Hibernate: select c1_0.id,c1_0.cpf,c1_0.endereco,c1_0.idade,c1_0.nome from clientes c1_0
Hibernate: select c1_0.id,c1_0.cpf,c1_0.endereco,c1_0.idade,c1_0.nome from clientes c1_0
Hibernate: select c1_0.cliente_id from carrinhos c1_0
Hibernate: insert into clientes (cpf, endereco, idade, nome, id) values (?, ?, ?, ?, ?)
Hibernate: insert into carrinhos (cliente_id) values (?)
Hibernate: select c1_0.id,c2_0.cliente_id,l1_0.carrinho_cliente_id,l1_1.id,l1_1.numero_de_itens,p1_0.id,p1_0.codigo_de_barras,p1_0.fabricante,p1_0.nome,p1_0.preco,c1_0.cpf,c1_0.endereco,c1_0.idade,c1_0.nome from clientes c1_0 join carrinhos c2_0 on c1_0.id=c2_0.cliente_id left join (lotes_carrinho l1_0 join lotes l1_1 on l1_1.id=l1_0.lote_id) on c2_0.cliente_id=l1_0.carrinho_cliente_id left join produtos p1_0 on p1_0.id=l1_1.produto_id where c1_0.id=?
Hibernate: select c1_0.id,c2_0.cliente_id,c1_0.cpf,c1_0.endereco,c1_0.idade,c1_0.nome from clientes c1_0 join carrinhos c2_0 on c1_0.id=c2_0.cliente_id where c1_0.id=?
Hibernate: select c1_0.id,c2_0.cliente_id,c1_0.cpf,c1_0.endereco,c1_0.idade,c1_0.nome from clientes c1_0 join carrinhos c2_0 on c1_0.id=c2_0.cliente_id where c1_0.id=?
Hibernate: select c1_0.id,c1_0.cpf,c1_0.endereco,c1_0.idade,c1_0.nome from clientes c1_0
Hibernate: select c1_0.cliente_id,c2_0.id,c2_0.cpf,c2_0.endereco,c2_0.idade,c2_0.nome from carrinhos c1_0 join clientes c2_0 on c2_0.id=c1_0.cliente_id where c1_0.cliente_id=?
Hibernate: select l1_0.carrinho_cliente_id,l1_1.id,l1_1.numero_de_itens,p1_0.id,p1_0.codigo_de_barras,p1_0.fabricante,p1_0.nome,p1_0.preco from lotes_carrinho l1_0 join lotes l1_1 on l1_1.id=l1_0.lote_id left join produtos p1_0 on p1_0.id=l1_1.produto_id where l1_0.carrinho_cliente_id=?
Hibernate: delete from carrinhos where cliente_id=?
Hibernate: delete from clientes where id=?
Hibernate: select c1_0.cliente_id from carrinhos c1_0
Hibernate: insert into clientes (cpf, endereco, idade, nome, id) values (?, ?, ?, ?, ?)
Hibernate: insert into carrinhos (cliente_id) values (?)
Hibernate: select c1_0.id,c2_0.cliente_id,l1_0.carrinho_cliente_id,l1_1.id,l1_1.numero_de_itens,p1_0.id,p1_0.codigo_de_barras,p1_0.fabricante,p1_0.nome,p1_0.preco,c1_0.cpf,c1_0.endereco,c1_0.idade,c1_0.nome from clientes c1_0 join carrinhos c2_0 on c1_0.id=c2_0.cliente_id left join (lotes_carrinho l1_0 join lotes l1_1 on l1_1.id=l1_0.lote_id) on c2_0.cliente_id=l1_0.carrinho_cliente_id left join produtos p1_0 on p1_0.id=l1_1.produto_id where c1_0.id=?
Hibernate: select c1_0.id,c2_0.cliente_id,l1_0.carrinho_cliente_id,l1_1.id,l1_1.numero_de_itens,p1_0.id,p1_0.codigo_de_barras,p1_0.fabricante,p1_0.nome,p1_0.preco,c1_0.cpf,c1_0.endereco,c1_0.idade,c1_0.nome from clientes c1_0 join carrinhos c2_0 on c1_0.id=c2_0.cliente_id left join (lotes_carrinho l1_0 join lotes l1_1 on l1_1.id=l1_0.lote_id) on c2_0.cliente_id=l1_0.carrinho_cliente_id left join produtos p1_0 on p1_0.id=l1_1.produto_id where c1_0.id=?
Hibernate: select c1_0.id,c1_0.cpf,c1_0.endereco,c1_0.idade,c1_0.nome from clientes c1_0
Hibernate: select c1_0.cliente_id,c2_0.id,c2_0.cpf,c2_0.endereco,c2_0.idade,c2_0.nome from carrinhos c1_0 join clientes c2_0 on c2_0.id=c1_0.cliente_id where c1_0.cliente_id=?
Hibernate: select l1_0.carrinho_cliente_id,l1_1.id,l1_1.numero_de_itens,p1_0.id,p1_0.codigo_de_barras,p1_0.fabricante,p1_0.nome,p1_0.preco from lotes_carrinho l1_0 join lotes l1_1 on l1_1.id=l1_0.lote_id left join produtos p1_0 on p1_0.id=l1_1.produto_id where l1_0.carrinho_cliente_id=?
Hibernate: delete from carrinhos where cliente_id=?
Hibernate: delete from clientes where id=?
Hibernate: select c1_0.cliente_id from carrinhos c1_0
Hibernate: insert into clientes (cpf, endereco, idade, nome, id) values (?, ?, ?, ?, ?)
Hibernate: insert into carrinhos (cliente_id) values (?)
Hibernate: select c1_0.id,c2_0.cliente_id,l1_0.carrinho_cliente_id,l1_1.id,l1_1.numero_de_itens,p1_0.id,p1_0.codigo_de_barras,p1_0.fabricante,p1_0.nome,p1_0.preco,c1_0.cpf,c1_0.endereco,c1_0.idade,c1_0.nome from clientes c1_0 join carrinhos c2_0 on c1_0.id=c2_0.cliente_id left join (lotes_carrinho l1_0 join lotes l1_1 on l1_1.id=l1_0.lote_id) on c2_0.cliente_id=l1_0.carrinho_cliente_id left join produtos p1_0 on p1_0.id=l1_1.produto_id where c1_0.id=?
Hibernate: select c1_0.id,c2_0.cliente_id,l1_0.carrinho_cliente_id,l1_1.id,l1_1.numero_de_itens,p1_0.id,p1_0.codigo_de_barras,p1_0.fabricante,p1_0.nome,p1_0.preco,c1_0.cpf,c1_0.endereco,c1_0.idade,c1_0.nome from clientes c1_0 join carrinhos c2_0 on c1_0.id=c2_0.cliente_id left join (lotes_carrinho l1_0 join lotes l1_1 on l1_1.id=l1_0.lote_id) on c2_0.cliente_id=l1_0.carrinho_cliente_id left join produtos p1_0 on p1_0.id=l1_1.produto_id where c1_0.id=?
Hibernate: select c1_0.id,c2_0.cliente_id,c1_0.cpf,c1_0.endereco,c1_0.idade,c1_0.nome from clientes c1_0 join carrinhos c2_0 on c1_0.id=c2_0.cliente_id where c1_0.id=?
Hibernate: select c1_0.id,c2_0.cliente_id,l1_0.carrinho_cliente_id,l1_1.id,l1_1.numero_de_itens,p1_0.id,p1_0.codigo_de_barras,p1_0.fabricante,p1_0.nome,p1_0.preco,c1_0.cpf,c1_0.endereco,c1_0.idade,c1_0.nome from clientes c1_0 join carrinhos c2_0 on c1_0.id=c2_0.cliente_id left join (lotes_carrinho l1_0 join lotes l1_1 on l1_1.id=l1_0.lote_id) on c2_0.cliente_id=l1_0.carrinho_cliente_id left join produtos p1_0 on p1_0.id=l1_1.produto_id where c1_0.id=?
Hibernate: update clientes set cpf=?, endereco=?, idade=?, nome=? where id=?
Hibernate: select c1_0.id,c1_0.cpf,c1_0.endereco,c1_0.idade,c1_0.nome from clientes c1_0
Hibernate: select c1_0.cliente_id,c2_0.id,c2_0.cpf,c2_0.endereco,c2_0.idade,c2_0.nome from carrinhos c1_0 join clientes c2_0 on c2_0.id=c1_0.cliente_id where c1_0.cliente_id=?
Hibernate: select l1_0.carrinho_cliente_id,l1_1.id,l1_1.numero_de_itens,p1_0.id,p1_0.codigo_de_barras,p1_0.fabricante,p1_0.nome,p1_0.preco from lotes_carrinho l1_0 join lotes l1_1 on l1_1.id=l1_0.lote_id left join produtos p1_0 on p1_0.id=l1_1.produto_id where l1_0.carrinho_cliente_id=?
Hibernate: delete from carrinhos where cliente_id=?
Hibernate: delete from clientes where id=?
Hibernate: select c1_0.cliente_id from carrinhos c1_0
]]></system-out>
  <system-err><![CDATA[]]></system-err>
</testsuite>
